<?xml version="1.0" encoding="UTF-8"?>
<!-- Generated by org.testng.reporters.JUnitReportReporter -->
<testsuite hostname="P1-J2SP9C3-L" failures="0" tests="1" name="test.LoginTest" time="8.915" errors="0" timestamp="2024-03-20T18:48:13 IST" skipped="0">
  <testcase classname="test.LoginTest" name="verifyLoginFeature1" time="8.915"/>
</testsuite> <!-- test.LoginTest -->
